<?xml version="1.0" encoding="UTF-8" ?>
<testsuite failures="0" time="0.172" errors="0" skipped="0" tests="5" name="com.prokarma.service.impl.EmployeeServiceTest">
  <properties>
[...]
</properties>
  <testcase time="0.125" classname="com.prokarma.service.impl.EmployeeServiceTest" name="testForViewTimesheet"/>
  <testcase time="0" classname="com.prokarma.service.impl.EmployeeServiceTest" name="testGetEmployee"/>
  <testcase time="0" classname="com.prokarma.service.impl.EmployeeServiceTest" name="testGetEmployees"/>
  <testcase time="0" classname="com.prokarma.service.impl.EmployeeServiceTest" name="testGetEmployeeById"/>
  <testcase time="0" classname="com.prokarma.service.impl.EmployeeServiceTest" name="validateUser"/>
</testsuite>